  SGA.cpp
c:\users\sameer\desktop\statistical growth annalysis\sga\sga\sga.cpp(238): warning C4244: '=': conversion from 'float' to 'int', possible loss of data
c:\users\sameer\desktop\statistical growth annalysis\sga\sga\sga.cpp(239): warning C4244: '=': conversion from 'float' to 'int', possible loss of data
c:\users\sameer\desktop\statistical growth annalysis\sga\sga\sga.cpp(240): warning C4244: '=': conversion from 'float' to 'int', possible loss of data
c:\users\sameer\desktop\statistical growth annalysis\sga\sga\sga.cpp(292): error C4996: 'getch': The POSIX name for this item is deprecated. Instead, use the ISO C and C++ conformant name: _getch. See online help for details.
  c:\program files (x86)\windows kits\10\include\10.0.17763.0\ucrt\conio.h(453): note: see declaration of 'getch'
c:\users\sameer\desktop\statistical growth annalysis\sga\sga\sga.cpp(300): warning C4244: '=': conversion from 'double' to 'int', possible loss of data
c:\users\sameer\desktop\statistical growth annalysis\sga\sga\sga.cpp(322): error C4996: 'getch': The POSIX name for this item is deprecated. Instead, use the ISO C and C++ conformant name: _getch. See online help for details.
  c:\program files (x86)\windows kits\10\include\10.0.17763.0\ucrt\conio.h(453): note: see declaration of 'getch'
c:\users\sameer\desktop\statistical growth annalysis\sga\sga\sga.cpp(331): error C4996: 'getch': The POSIX name for this item is deprecated. Instead, use the ISO C and C++ conformant name: _getch. See online help for details.
  c:\program files (x86)\windows kits\10\include\10.0.17763.0\ucrt\conio.h(453): note: see declaration of 'getch'
c:\users\sameer\desktop\statistical growth annalysis\sga\sga\sga.cpp(558): error C4996: 'getch': The POSIX name for this item is deprecated. Instead, use the ISO C and C++ conformant name: _getch. See online help for details.
  c:\program files (x86)\windows kits\10\include\10.0.17763.0\ucrt\conio.h(453): note: see declaration of 'getch'
c:\users\sameer\desktop\statistical growth annalysis\sga\sga\sga.cpp(623): error C4996: 'getch': The POSIX name for this item is deprecated. Instead, use the ISO C and C++ conformant name: _getch. See online help for details.
  c:\program files (x86)\windows kits\10\include\10.0.17763.0\ucrt\conio.h(453): note: see declaration of 'getch'
c:\users\sameer\desktop\statistical growth annalysis\sga\sga\sga.cpp(652): error C4996: 'getch': The POSIX name for this item is deprecated. Instead, use the ISO C and C++ conformant name: _getch. See online help for details.
  c:\program files (x86)\windows kits\10\include\10.0.17763.0\ucrt\conio.h(453): note: see declaration of 'getch'
c:\users\sameer\desktop\statistical growth annalysis\sga\sga\sga.cpp(660): error C4996: 'getch': The POSIX name for this item is deprecated. Instead, use the ISO C and C++ conformant name: _getch. See online help for details.
  c:\program files (x86)\windows kits\10\include\10.0.17763.0\ucrt\conio.h(453): note: see declaration of 'getch'
c:\users\sameer\desktop\statistical growth annalysis\sga\sga\sga.cpp(668): error C4996: 'getch': The POSIX name for this item is deprecated. Instead, use the ISO C and C++ conformant name: _getch. See online help for details.
  c:\program files (x86)\windows kits\10\include\10.0.17763.0\ucrt\conio.h(453): note: see declaration of 'getch'
c:\users\sameer\desktop\statistical growth annalysis\sga\sga\sga.cpp(680): error C4996: 'getch': The POSIX name for this item is deprecated. Instead, use the ISO C and C++ conformant name: _getch. See online help for details.
  c:\program files (x86)\windows kits\10\include\10.0.17763.0\ucrt\conio.h(453): note: see declaration of 'getch'
c:\users\sameer\desktop\statistical growth annalysis\sga\sga\sga.cpp(691): error C4996: 'getch': The POSIX name for this item is deprecated. Instead, use the ISO C and C++ conformant name: _getch. See online help for details.
  c:\program files (x86)\windows kits\10\include\10.0.17763.0\ucrt\conio.h(453): note: see declaration of 'getch'
